{"/Users/davidbaldaro/GitHub/Personalia-Node/src/client.ts": {"path":"/Users/davidbaldaro/GitHub/Personalia-Node/src/client.ts","statementMap":{"0":{"start":{"line":1,"column":0},"end":{"line":1,"column":45}},"1":{"start":{"line":13,"column":19},"end":{"line":13,"column":65}},"2":{"start":{"line":16,"column":4},"end":{"line":18,"column":5}},"3":{"start":{"line":17,"column":6},"end":{"line":17,"column":45}},"4":{"start":{"line":20,"column":4},"end":{"line":20,"column":43}},"5":{"start":{"line":21,"column":4},"end":{"line":27,"column":7}},"6":{"start":{"line":30,"column":4},"end":{"line":55,"column":6}},"7":{"start":{"line":31,"column":18},"end":{"line":31,"column":26}},"8":{"start":{"line":34,"column":8},"end":{"line":46,"column":9}},"9":{"start":{"line":35,"column":28},"end":{"line":35,"column":73}},"10":{"start":{"line":38,"column":10},"end":{"line":40,"column":11}},"11":{"start":{"line":39,"column":12},"end":{"line":39,"column":107}},"12":{"start":{"line":43,"column":29},"end":{"line":43,"column":50}},"13":{"start":{"line":44,"column":29},"end":{"line":44,"column":54}},"14":{"start":{"line":45,"column":10},"end":{"line":45,"column":99}},"15":{"start":{"line":49,"column":8},"end":{"line":51,"column":9}},"16":{"start":{"line":50,"column":10},"end":{"line":50,"column":61}},"17":{"start":{"line":53,"column":8},"end":{"line":53,"column":20}},"18":{"start":{"line":64,"column":21},"end":{"line":64,"column":90}},"19":{"start":{"line":65,"column":4},"end":{"line":65,"column":25}},"20":{"start":{"line":74,"column":21},"end":{"line":76,"column":6}},"21":{"start":{"line":77,"column":4},"end":{"line":77,"column":25}},"22":{"start":{"line":86,"column":21},"end":{"line":86,"column":90}},"23":{"start":{"line":87,"column":4},"end":{"line":87,"column":25}},"24":{"start":{"line":96,"column":21},"end":{"line":96,"column":100}},"25":{"start":{"line":97,"column":4},"end":{"line":97,"column":25}},"26":{"start":{"line":109,"column":19},"end":{"line":109,"column":20}},"27":{"start":{"line":111,"column":4},"end":{"line":171,"column":5}},"28":{"start":{"line":112,"column":6},"end":{"line":170,"column":7}},"29":{"start":{"line":113,"column":8},"end":{"line":113,"column":102}},"30":{"start":{"line":117,"column":8},"end":{"line":151,"column":9}},"31":{"start":{"line":118,"column":10},"end":{"line":120,"column":13}},"32":{"start":{"line":121,"column":10},"end":{"line":121,"column":88}},"33":{"start":{"line":122,"column":10},"end":{"line":122,"column":61}},"34":{"start":{"line":125,"column":10},"end":{"line":125,"column":80}},"35":{"start":{"line":128,"column":10},"end":{"line":137,"column":11}},"36":{"start":{"line":129,"column":12},"end":{"line":129,"column":33}},"37":{"start":{"line":130,"column":17},"end":{"line":137,"column":11}},"38":{"start":{"line":131,"column":12},"end":{"line":131,"column":113}},"39":{"start":{"line":134,"column":12},"end":{"line":134,"column":129}},"40":{"start":{"line":135,"column":12},"end":{"line":135,"column":72}},"41":{"start":{"line":135,"column":41},"end":{"line":135,"column":70}},"42":{"start":{"line":136,"column":12},"end":{"line":136,"column":23}},"43":{"start":{"line":140,"column":10},"end":{"line":140,"column":132}},"44":{"start":{"line":141,"column":10},"end":{"line":141,"column":94}},"45":{"start":{"line":144,"column":10},"end":{"line":150,"column":11}},"46":{"start":{"line":145,"column":12},"end":{"line":145,"column":132}},"47":{"start":{"line":146,"column":12},"end":{"line":146,"column":72}},"48":{"start":{"line":146,"column":41},"end":{"line":146,"column":70}},"49":{"start":{"line":147,"column":12},"end":{"line":147,"column":23}},"50":{"start":{"line":149,"column":12},"end":{"line":149,"column":31}},"51":{"start":{"line":154,"column":29},"end":{"line":154,"column":86}},"52":{"start":{"line":156,"column":10},"end":{"line":158,"column":45}},"53":{"start":{"line":161,"column":8},"end":{"line":169,"column":9}},"54":{"start":{"line":162,"column":10},"end":{"line":162,"column":124}},"55":{"start":{"line":163,"column":10},"end":{"line":163,"column":70}},"56":{"start":{"line":163,"column":39},"end":{"line":163,"column":68}},"57":{"start":{"line":164,"column":10},"end":{"line":164,"column":21}},"58":{"start":{"line":167,"column":10},"end":{"line":167,"column":61}},"59":{"start":{"line":168,"column":10},"end":{"line":168,"column":22}},"60":{"start":{"line":173,"column":22},"end":{"line":173,"column":53}},"61":{"start":{"line":174,"column":4},"end":{"line":174,"column":199}},"62":{"start":{"line":193,"column":27},"end":{"line":193,"column":60}},"63":{"start":{"line":194,"column":4},"end":{"line":194,"column":95}},"64":{"start":{"line":195,"column":4},"end":{"line":195,"column":103}},"65":{"start":{"line":197,"column":4},"end":{"line":206,"column":5}},"66":{"start":{"line":199,"column":6},"end":{"line":199,"column":88}},"67":{"start":{"line":202,"column":6},"end":{"line":204,"column":7}},"68":{"start":{"line":203,"column":8},"end":{"line":203,"column":84}},"69":{"start":{"line":205,"column":6},"end":{"line":205,"column":18}},"70":{"start":{"line":11,"column":0},"end":{"line":11,"column":13}}},"fnMap":{"0":{"name":"(anonymous_1)","decl":{"start":{"line":15,"column":2},"end":{"line":15,"column":14}},"loc":{"start":{"line":15,"column":46},"end":{"line":56,"column":3}}},"1":{"name":"(anonymous_2)","decl":{"start":{"line":31,"column":6},"end":{"line":31,"column":14}},"loc":{"start":{"line":31,"column":18},"end":{"line":31,"column":26}}},"2":{"name":"(anonymous_3)","decl":{"start":{"line":32,"column":6},"end":{"line":32,"column":11}},"loc":{"start":{"line":32,"column":14},"end":{"line":54,"column":7}}},"3":{"name":"(anonymous_4)","decl":{"start":{"line":63,"column":2},"end":{"line":63,"column":7}},"loc":{"start":{"line":63,"column":51},"end":{"line":66,"column":3}}},"4":{"name":"(anonymous_5)","decl":{"start":{"line":73,"column":2},"end":{"line":73,"column":7}},"loc":{"start":{"line":73,"column":36},"end":{"line":78,"column":3}}},"5":{"name":"(anonymous_6)","decl":{"start":{"line":85,"column":2},"end":{"line":85,"column":7}},"loc":{"start":{"line":85,"column":54},"end":{"line":88,"column":3}}},"6":{"name":"(anonymous_7)","decl":{"start":{"line":95,"column":2},"end":{"line":95,"column":7}},"loc":{"start":{"line":95,"column":42},"end":{"line":98,"column":3}}},"7":{"name":"(anonymous_8)","decl":{"start":{"line":108,"column":2},"end":{"line":108,"column":7}},"loc":{"start":{"line":108,"column":75},"end":{"line":175,"column":3}}},"8":{"name":"(anonymous_9)","decl":{"start":{"line":135,"column":30},"end":{"line":135,"column":37}},"loc":{"start":{"line":135,"column":41},"end":{"line":135,"column":70}}},"9":{"name":"(anonymous_10)","decl":{"start":{"line":146,"column":30},"end":{"line":146,"column":37}},"loc":{"start":{"line":146,"column":41},"end":{"line":146,"column":70}}},"10":{"name":"(anonymous_11)","decl":{"start":{"line":163,"column":28},"end":{"line":163,"column":35}},"loc":{"start":{"line":163,"column":39},"end":{"line":163,"column":68}}},"11":{"name":"(anonymous_12)","decl":{"start":{"line":187,"column":2},"end":{"line":187,"column":7}},"loc":{"start":{"line":190,"column":19},"end":{"line":207,"column":3}}}},"branchMap":{"0":{"loc":{"start":{"line":16,"column":4},"end":{"line":18,"column":5}},"type":"if","locations":[{"start":{"line":16,"column":4},"end":{"line":18,"column":5}}]},"1":{"loc":{"start":{"line":20,"column":19},"end":{"line":20,"column":42}},"type":"binary-expr","locations":[{"start":{"line":20,"column":19},"end":{"line":20,"column":26}},{"start":{"line":20,"column":30},"end":{"line":20,"column":42}}]},"2":{"loc":{"start":{"line":34,"column":8},"end":{"line":46,"column":9}},"type":"if","locations":[{"start":{"line":34,"column":8},"end":{"line":46,"column":9}}]},"3":{"loc":{"start":{"line":34,"column":12},"end":{"line":34,"column":32}},"type":"cond-expr","locations":[{"start":{"line":34,"column":26},"end":{"line":34,"column":28}},{"start":{"line":34,"column":26},"end":{"line":34,"column":32}}]},"4":{"loc":{"start":{"line":34,"column":12},"end":{"line":34,"column":28}},"type":"binary-expr","locations":[{"start":{"line":34,"column":12},"end":{"line":34,"column":28}},{"start":{"line":34,"column":26},"end":{"line":34,"column":28}}]},"5":{"loc":{"start":{"line":38,"column":10},"end":{"line":40,"column":11}},"type":"if","locations":[{"start":{"line":38,"column":10},"end":{"line":40,"column":11}}]},"6":{"loc":{"start":{"line":39,"column":52},"end":{"line":39,"column":82}},"type":"binary-expr","locations":[{"start":{"line":39,"column":52},"end":{"line":39,"column":69}},{"start":{"line":39,"column":73},"end":{"line":39,"column":82}}]},"7":{"loc":{"start":{"line":49,"column":8},"end":{"line":51,"column":9}},"type":"if","locations":[{"start":{"line":49,"column":8},"end":{"line":51,"column":9}}]},"8":{"loc":{"start":{"line":108,"column":42},"end":{"line":108,"column":58}},"type":"default-arg","locations":[{"start":{"line":108,"column":56},"end":{"line":108,"column":58}}]},"9":{"loc":{"start":{"line":108,"column":60},"end":{"line":108,"column":75}},"type":"default-arg","locations":[{"start":{"line":108,"column":71},"end":{"line":108,"column":75}}]},"10":{"loc":{"start":{"line":128,"column":10},"end":{"line":137,"column":11}},"type":"if","locations":[{"start":{"line":128,"column":10},"end":{"line":137,"column":11}},{"start":{"line":130,"column":17},"end":{"line":137,"column":11}}]},"11":{"loc":{"start":{"line":130,"column":17},"end":{"line":137,"column":11}},"type":"if","locations":[{"start":{"line":130,"column":17},"end":{"line":137,"column":11}},{"start":{"line":132,"column":17},"end":{"line":137,"column":11}}]},"12":{"loc":{"start":{"line":131,"column":58},"end":{"line":131,"column":109}},"type":"binary-expr","locations":[{"start":{"line":131,"column":58},"end":{"line":131,"column":90}},{"start":{"line":131,"column":94},"end":{"line":131,"column":109}}]},"13":{"loc":{"start":{"line":140,"column":43},"end":{"line":140,"column":85}},"type":"binary-expr","locations":[{"start":{"line":140,"column":43},"end":{"line":140,"column":72}},{"start":{"line":140,"column":76},"end":{"line":140,"column":85}}]},"14":{"loc":{"start":{"line":140,"column":43},"end":{"line":140,"column":72}},"type":"cond-expr","locations":[{"start":{"line":140,"column":64},"end":{"line":140,"column":66}},{"start":{"line":140,"column":64},"end":{"line":140,"column":72}}]},"15":{"loc":{"start":{"line":140,"column":43},"end":{"line":140,"column":66}},"type":"binary-expr","locations":[{"start":{"line":140,"column":43},"end":{"line":140,"column":66}},{"start":{"line":140,"column":64},"end":{"line":140,"column":66}}]},"16":{"loc":{"start":{"line":140,"column":89},"end":{"line":140,"column":128}},"type":"binary-expr","locations":[{"start":{"line":140,"column":89},"end":{"line":140,"column":122}},{"start":{"line":140,"column":126},"end":{"line":140,"column":128}}]},"17":{"loc":{"start":{"line":140,"column":89},"end":{"line":140,"column":122}},"type":"cond-expr","locations":[{"start":{"line":140,"column":110},"end":{"line":140,"column":112}},{"start":{"line":140,"column":110},"end":{"line":140,"column":122}}]},"18":{"loc":{"start":{"line":140,"column":89},"end":{"line":140,"column":112}},"type":"binary-expr","locations":[{"start":{"line":140,"column":89},"end":{"line":140,"column":112}},{"start":{"line":140,"column":110},"end":{"line":140,"column":112}}]},"19":{"loc":{"start":{"line":141,"column":41},"end":{"line":141,"column":92}},"type":"binary-expr","locations":[{"start":{"line":141,"column":41},"end":{"line":141,"column":68}},{"start":{"line":141,"column":72},"end":{"line":141,"column":92}}]},"20":{"loc":{"start":{"line":141,"column":41},"end":{"line":141,"column":68}},"type":"cond-expr","locations":[{"start":{"line":141,"column":62},"end":{"line":141,"column":64}},{"start":{"line":141,"column":62},"end":{"line":141,"column":68}}]},"21":{"loc":{"start":{"line":141,"column":41},"end":{"line":141,"column":64}},"type":"binary-expr","locations":[{"start":{"line":141,"column":41},"end":{"line":141,"column":64}},{"start":{"line":141,"column":62},"end":{"line":141,"column":64}}]},"22":{"loc":{"start":{"line":144,"column":10},"end":{"line":150,"column":11}},"type":"if","locations":[{"start":{"line":144,"column":10},"end":{"line":150,"column":11}},{"start":{"line":148,"column":17},"end":{"line":150,"column":11}}]},"23":{"loc":{"start":{"line":144,"column":14},"end":{"line":144,"column":43}},"type":"cond-expr","locations":[{"start":{"line":144,"column":35},"end":{"line":144,"column":37}},{"start":{"line":144,"column":35},"end":{"line":144,"column":43}}]},"24":{"loc":{"start":{"line":144,"column":14},"end":{"line":144,"column":37}},"type":"binary-expr","locations":[{"start":{"line":144,"column":14},"end":{"line":144,"column":37}},{"start":{"line":144,"column":35},"end":{"line":144,"column":37}}]},"25":{"loc":{"start":{"line":154,"column":29},"end":{"line":154,"column":86}},"type":"cond-expr","locations":[{"start":{"line":154,"column":54},"end":{"line":154,"column":81}},{"start":{"line":154,"column":84},"end":{"line":154,"column":86}}]},"26":{"loc":{"start":{"line":156,"column":10},"end":{"line":158,"column":45}},"type":"binary-expr","locations":[{"start":{"line":156,"column":10},"end":{"line":156,"column":44}},{"start":{"line":157,"column":10},"end":{"line":157,"column":44}},{"start":{"line":158,"column":10},"end":{"line":158,"column":45}}]},"27":{"loc":{"start":{"line":161,"column":8},"end":{"line":169,"column":9}},"type":"if","locations":[{"start":{"line":161,"column":8},"end":{"line":169,"column":9}},{"start":{"line":165,"column":15},"end":{"line":169,"column":9}}]},"28":{"loc":{"start":{"line":189,"column":4},"end":{"line":189,"column":20}},"type":"default-arg","locations":[{"start":{"line":189,"column":18},"end":{"line":189,"column":20}}]},"29":{"loc":{"start":{"line":190,"column":4},"end":{"line":190,"column":19}},"type":"default-arg","locations":[{"start":{"line":190,"column":15},"end":{"line":190,"column":19}}]},"30":{"loc":{"start":{"line":202,"column":6},"end":{"line":204,"column":7}},"type":"if","locations":[{"start":{"line":202,"column":6},"end":{"line":204,"column":7}}]}},"s":{"0":1,"1":1,"2":1,"3":0,"4":1,"5":1,"6":1,"7":3,"8":0,"9":0,"10":0,"11":0,"12":0,"13":0,"14":0,"15":0,"16":0,"17":0,"18":1,"19":1,"20":0,"21":0,"22":1,"23":1,"24":1,"25":1,"26":0,"27":0,"28":0,"29":0,"30":0,"31":0,"32":0,"33":0,"34":0,"35":0,"36":0,"37":0,"38":0,"39":0,"40":0,"41":0,"42":0,"43":0,"44":0,"45":0,"46":0,"47":0,"48":0,"49":0,"50":0,"51":0,"52":0,"53":0,"54":0,"55":0,"56":0,"57":0,"58":0,"59":0,"60":0,"61":0,"62":0,"63":0,"64":0,"65":0,"66":0,"67":0,"68":0,"69":0,"70":1},"f":{"0":1,"1":3,"2":0,"3":1,"4":0,"5":1,"6":1,"7":0,"8":0,"9":0,"10":0,"11":0},"b":{"0":[0],"1":[1,1],"2":[0],"3":[0,0],"4":[0,0],"5":[0],"6":[0,0],"7":[0],"8":[0],"9":[0],"10":[0,0],"11":[0,0],"12":[0,0],"13":[0,0],"14":[0,0],"15":[0,0],"16":[0,0],"17":[0,0],"18":[0,0],"19":[0,0],"20":[0,0],"21":[0,0],"22":[0,0],"23":[0,0],"24":[0,0],"25":[0,0],"26":[0,0,0],"27":[0,0],"28":[0],"29":[0],"30":[0]}}
}
