{"/Users/davidbaldaro/GitHub/Personalia-Node/src/client.ts": {"path":"/Users/davidbaldaro/GitHub/Personalia-Node/src/client.ts","statementMap":{"0":{"start":{"line":1,"column":0},"end":{"line":1,"column":45}},"1":{"start":{"line":10,"column":0},"end":{"line":10,"column":58}},"2":{"start":{"line":14,"column":19},"end":{"line":14,"column":65}},"3":{"start":{"line":17,"column":4},"end":{"line":19,"column":5}},"4":{"start":{"line":18,"column":6},"end":{"line":18,"column":45}},"5":{"start":{"line":21,"column":4},"end":{"line":21,"column":43}},"6":{"start":{"line":22,"column":4},"end":{"line":28,"column":7}},"7":{"start":{"line":31,"column":4},"end":{"line":37,"column":6}},"8":{"start":{"line":32,"column":18},"end":{"line":32,"column":26}},"9":{"start":{"line":35,"column":8},"end":{"line":35,"column":35}},"10":{"start":{"line":46,"column":21},"end":{"line":46,"column":90}},"11":{"start":{"line":47,"column":4},"end":{"line":47,"column":25}},"12":{"start":{"line":56,"column":21},"end":{"line":58,"column":6}},"13":{"start":{"line":59,"column":4},"end":{"line":59,"column":25}},"14":{"start":{"line":68,"column":21},"end":{"line":68,"column":90}},"15":{"start":{"line":69,"column":4},"end":{"line":69,"column":25}},"16":{"start":{"line":78,"column":21},"end":{"line":78,"column":100}},"17":{"start":{"line":79,"column":4},"end":{"line":79,"column":25}},"18":{"start":{"line":91,"column":19},"end":{"line":91,"column":20}},"19":{"start":{"line":93,"column":4},"end":{"line":188,"column":5}},"20":{"start":{"line":94,"column":6},"end":{"line":187,"column":7}},"21":{"start":{"line":95,"column":8},"end":{"line":95,"column":102}},"22":{"start":{"line":98,"column":8},"end":{"line":159,"column":9}},"23":{"start":{"line":99,"column":27},"end":{"line":101,"column":12}},"24":{"start":{"line":102,"column":10},"end":{"line":102,"column":88}},"25":{"start":{"line":105,"column":10},"end":{"line":105,"column":80}},"26":{"start":{"line":108,"column":10},"end":{"line":123,"column":11}},"27":{"start":{"line":109,"column":12},"end":{"line":109,"column":33}},"28":{"start":{"line":110,"column":17},"end":{"line":123,"column":11}},"29":{"start":{"line":111,"column":33},"end":{"line":111,"column":84}},"30":{"start":{"line":112,"column":12},"end":{"line":112,"column":123}},"31":{"start":{"line":113,"column":17},"end":{"line":123,"column":11}},"32":{"start":{"line":115,"column":12},"end":{"line":115,"column":127}},"33":{"start":{"line":116,"column":12},"end":{"line":116,"column":72}},"34":{"start":{"line":116,"column":41},"end":{"line":116,"column":70}},"35":{"start":{"line":117,"column":12},"end":{"line":117,"column":23}},"36":{"start":{"line":120,"column":12},"end":{"line":120,"column":147}},"37":{"start":{"line":121,"column":12},"end":{"line":121,"column":72}},"38":{"start":{"line":121,"column":41},"end":{"line":121,"column":70}},"39":{"start":{"line":122,"column":12},"end":{"line":122,"column":23}},"40":{"start":{"line":126,"column":34},"end":{"line":128,"column":34}},"41":{"start":{"line":131,"column":10},"end":{"line":131,"column":63}},"42":{"start":{"line":132,"column":10},"end":{"line":132,"column":166}},"43":{"start":{"line":135,"column":10},"end":{"line":158,"column":11}},"44":{"start":{"line":137,"column":12},"end":{"line":137,"column":132}},"45":{"start":{"line":138,"column":12},"end":{"line":138,"column":72}},"46":{"start":{"line":138,"column":41},"end":{"line":138,"column":70}},"47":{"start":{"line":139,"column":12},"end":{"line":139,"column":23}},"48":{"start":{"line":140,"column":17},"end":{"line":158,"column":11}},"49":{"start":{"line":142,"column":12},"end":{"line":142,"column":34}},"50":{"start":{"line":143,"column":17},"end":{"line":158,"column":11}},"51":{"start":{"line":145,"column":12},"end":{"line":145,"column":34}},"52":{"start":{"line":146,"column":17},"end":{"line":158,"column":11}},"53":{"start":{"line":148,"column":12},"end":{"line":148,"column":34}},"54":{"start":{"line":149,"column":17},"end":{"line":158,"column":11}},"55":{"start":{"line":152,"column":12},"end":{"line":152,"column":129}},"56":{"start":{"line":153,"column":12},"end":{"line":153,"column":72}},"57":{"start":{"line":153,"column":41},"end":{"line":153,"column":70}},"58":{"start":{"line":154,"column":12},"end":{"line":154,"column":23}},"59":{"start":{"line":157,"column":12},"end":{"line":157,"column":34}},"60":{"start":{"line":162,"column":8},"end":{"line":182,"column":9}},"61":{"start":{"line":164,"column":26},"end":{"line":164,"column":39}},"62":{"start":{"line":165,"column":36},"end":{"line":165,"column":113}},"63":{"start":{"line":167,"column":10},"end":{"line":170,"column":11}},"64":{"start":{"line":168,"column":12},"end":{"line":168,"column":84}},"65":{"start":{"line":169,"column":12},"end":{"line":169,"column":24}},"66":{"start":{"line":173,"column":36},"end":{"line":174,"column":86}},"67":{"start":{"line":176,"column":10},"end":{"line":181,"column":11}},"68":{"start":{"line":177,"column":12},"end":{"line":177,"column":129}},"69":{"start":{"line":178,"column":12},"end":{"line":178,"column":72}},"70":{"start":{"line":178,"column":41},"end":{"line":178,"column":70}},"71":{"start":{"line":179,"column":12},"end":{"line":179,"column":23}},"72":{"start":{"line":180,"column":12},"end":{"line":180,"column":21}},"73":{"start":{"line":185,"column":8},"end":{"line":185,"column":59}},"74":{"start":{"line":186,"column":8},"end":{"line":186,"column":20}},"75":{"start":{"line":190,"column":22},"end":{"line":190,"column":53}},"76":{"start":{"line":191,"column":4},"end":{"line":196,"column":6}},"77":{"start":{"line":215,"column":27},"end":{"line":215,"column":60}},"78":{"start":{"line":216,"column":4},"end":{"line":216,"column":95}},"79":{"start":{"line":217,"column":4},"end":{"line":217,"column":103}},"80":{"start":{"line":219,"column":4},"end":{"line":238,"column":5}},"81":{"start":{"line":221,"column":6},"end":{"line":221,"column":88}},"82":{"start":{"line":224,"column":6},"end":{"line":236,"column":7}},"83":{"start":{"line":226,"column":8},"end":{"line":226,"column":84}},"84":{"start":{"line":227,"column":13},"end":{"line":236,"column":7}},"85":{"start":{"line":229,"column":32},"end":{"line":233,"column":null}},"86":{"start":{"line":235,"column":8},"end":{"line":235,"column":30}},"87":{"start":{"line":237,"column":6},"end":{"line":237,"column":18}},"88":{"start":{"line":12,"column":0},"end":{"line":12,"column":13}}},"fnMap":{"0":{"name":"(anonymous_1)","decl":{"start":{"line":16,"column":2},"end":{"line":16,"column":14}},"loc":{"start":{"line":16,"column":46},"end":{"line":38,"column":3}}},"1":{"name":"(anonymous_2)","decl":{"start":{"line":32,"column":6},"end":{"line":32,"column":14}},"loc":{"start":{"line":32,"column":18},"end":{"line":32,"column":26}}},"2":{"name":"(anonymous_3)","decl":{"start":{"line":33,"column":6},"end":{"line":33,"column":11}},"loc":{"start":{"line":33,"column":14},"end":{"line":36,"column":7}}},"3":{"name":"(anonymous_4)","decl":{"start":{"line":45,"column":2},"end":{"line":45,"column":7}},"loc":{"start":{"line":45,"column":51},"end":{"line":48,"column":3}}},"4":{"name":"(anonymous_5)","decl":{"start":{"line":55,"column":2},"end":{"line":55,"column":7}},"loc":{"start":{"line":55,"column":36},"end":{"line":60,"column":3}}},"5":{"name":"(anonymous_6)","decl":{"start":{"line":67,"column":2},"end":{"line":67,"column":7}},"loc":{"start":{"line":67,"column":54},"end":{"line":70,"column":3}}},"6":{"name":"(anonymous_7)","decl":{"start":{"line":77,"column":2},"end":{"line":77,"column":7}},"loc":{"start":{"line":77,"column":42},"end":{"line":80,"column":3}}},"7":{"name":"(anonymous_8)","decl":{"start":{"line":90,"column":2},"end":{"line":90,"column":7}},"loc":{"start":{"line":90,"column":75},"end":{"line":197,"column":3}}},"8":{"name":"(anonymous_9)","decl":{"start":{"line":116,"column":30},"end":{"line":116,"column":37}},"loc":{"start":{"line":116,"column":41},"end":{"line":116,"column":70}}},"9":{"name":"(anonymous_10)","decl":{"start":{"line":121,"column":30},"end":{"line":121,"column":37}},"loc":{"start":{"line":121,"column":41},"end":{"line":121,"column":70}}},"10":{"name":"(anonymous_11)","decl":{"start":{"line":138,"column":30},"end":{"line":138,"column":37}},"loc":{"start":{"line":138,"column":41},"end":{"line":138,"column":70}}},"11":{"name":"(anonymous_12)","decl":{"start":{"line":153,"column":30},"end":{"line":153,"column":37}},"loc":{"start":{"line":153,"column":41},"end":{"line":153,"column":70}}},"12":{"name":"(anonymous_13)","decl":{"start":{"line":178,"column":30},"end":{"line":178,"column":37}},"loc":{"start":{"line":178,"column":41},"end":{"line":178,"column":70}}},"13":{"name":"(anonymous_14)","decl":{"start":{"line":209,"column":2},"end":{"line":209,"column":7}},"loc":{"start":{"line":212,"column":19},"end":{"line":239,"column":3}}}},"branchMap":{"0":{"loc":{"start":{"line":17,"column":4},"end":{"line":19,"column":5}},"type":"if","locations":[{"start":{"line":17,"column":4},"end":{"line":19,"column":5}}]},"1":{"loc":{"start":{"line":21,"column":19},"end":{"line":21,"column":42}},"type":"binary-expr","locations":[{"start":{"line":21,"column":19},"end":{"line":21,"column":26}},{"start":{"line":21,"column":30},"end":{"line":21,"column":42}}]},"2":{"loc":{"start":{"line":90,"column":42},"end":{"line":90,"column":58}},"type":"default-arg","locations":[{"start":{"line":90,"column":56},"end":{"line":90,"column":58}}]},"3":{"loc":{"start":{"line":90,"column":60},"end":{"line":90,"column":75}},"type":"default-arg","locations":[{"start":{"line":90,"column":71},"end":{"line":90,"column":75}}]},"4":{"loc":{"start":{"line":108,"column":10},"end":{"line":123,"column":11}},"type":"if","locations":[{"start":{"line":108,"column":10},"end":{"line":123,"column":11}},{"start":{"line":110,"column":17},"end":{"line":123,"column":11}}]},"5":{"loc":{"start":{"line":110,"column":17},"end":{"line":123,"column":11}},"type":"if","locations":[{"start":{"line":110,"column":17},"end":{"line":123,"column":11}},{"start":{"line":113,"column":17},"end":{"line":123,"column":11}}]},"6":{"loc":{"start":{"line":111,"column":33},"end":{"line":111,"column":84}},"type":"binary-expr","locations":[{"start":{"line":111,"column":33},"end":{"line":111,"column":65}},{"start":{"line":111,"column":69},"end":{"line":111,"column":84}}]},"7":{"loc":{"start":{"line":113,"column":17},"end":{"line":123,"column":11}},"type":"if","locations":[{"start":{"line":113,"column":17},"end":{"line":123,"column":11}},{"start":{"line":118,"column":17},"end":{"line":123,"column":11}}]},"8":{"loc":{"start":{"line":126,"column":34},"end":{"line":128,"column":34}},"type":"cond-expr","locations":[{"start":{"line":127,"column":14},"end":{"line":127,"column":19}},{"start":{"line":128,"column":14},"end":{"line":128,"column":34}}]},"9":{"loc":{"start":{"line":132,"column":81},"end":{"line":132,"column":115}},"type":"binary-expr","locations":[{"start":{"line":132,"column":81},"end":{"line":132,"column":106}},{"start":{"line":132,"column":110},"end":{"line":132,"column":115}}]},"10":{"loc":{"start":{"line":132,"column":130},"end":{"line":132,"column":162}},"type":"binary-expr","locations":[{"start":{"line":132,"column":130},"end":{"line":132,"column":153}},{"start":{"line":132,"column":157},"end":{"line":132,"column":162}}]},"11":{"loc":{"start":{"line":135,"column":10},"end":{"line":158,"column":11}},"type":"if","locations":[{"start":{"line":135,"column":10},"end":{"line":158,"column":11}},{"start":{"line":140,"column":17},"end":{"line":158,"column":11}}]},"12":{"loc":{"start":{"line":140,"column":17},"end":{"line":158,"column":11}},"type":"if","locations":[{"start":{"line":140,"column":17},"end":{"line":158,"column":11}},{"start":{"line":143,"column":17},"end":{"line":158,"column":11}}]},"13":{"loc":{"start":{"line":143,"column":17},"end":{"line":158,"column":11}},"type":"if","locations":[{"start":{"line":143,"column":17},"end":{"line":158,"column":11}},{"start":{"line":146,"column":17},"end":{"line":158,"column":11}}]},"14":{"loc":{"start":{"line":143,"column":59},"end":{"line":143,"column":88}},"type":"binary-expr","locations":[{"start":{"line":143,"column":59},"end":{"line":143,"column":82}},{"start":{"line":143,"column":86},"end":{"line":143,"column":88}}]},"15":{"loc":{"start":{"line":146,"column":17},"end":{"line":158,"column":11}},"type":"if","locations":[{"start":{"line":146,"column":17},"end":{"line":158,"column":11}},{"start":{"line":149,"column":17},"end":{"line":158,"column":11}}]},"16":{"loc":{"start":{"line":149,"column":17},"end":{"line":158,"column":11}},"type":"if","locations":[{"start":{"line":149,"column":17},"end":{"line":158,"column":11}},{"start":{"line":155,"column":17},"end":{"line":158,"column":11}}]},"17":{"loc":{"start":{"line":149,"column":21},"end":{"line":150,"column":81}},"type":"binary-expr","locations":[{"start":{"line":149,"column":21},"end":{"line":149,"column":81}},{"start":{"line":150,"column":20},"end":{"line":150,"column":81}}]},"18":{"loc":{"start":{"line":162,"column":8},"end":{"line":182,"column":9}},"type":"if","locations":[{"start":{"line":162,"column":8},"end":{"line":182,"column":9}}]},"19":{"loc":{"start":{"line":167,"column":10},"end":{"line":170,"column":11}},"type":"if","locations":[{"start":{"line":167,"column":10},"end":{"line":170,"column":11}}]},"20":{"loc":{"start":{"line":167,"column":14},"end":{"line":167,"column":60}},"type":"binary-expr","locations":[{"start":{"line":167,"column":14},"end":{"line":167,"column":21}},{"start":{"line":167,"column":25},"end":{"line":167,"column":60}}]},"21":{"loc":{"start":{"line":173,"column":36},"end":{"line":174,"column":86}},"type":"binary-expr","locations":[{"start":{"line":173,"column":36},"end":{"line":173,"column":86}},{"start":{"line":174,"column":35},"end":{"line":174,"column":86}}]},"22":{"loc":{"start":{"line":176,"column":10},"end":{"line":181,"column":11}},"type":"if","locations":[{"start":{"line":176,"column":10},"end":{"line":181,"column":11}}]},"23":{"loc":{"start":{"line":211,"column":4},"end":{"line":211,"column":20}},"type":"default-arg","locations":[{"start":{"line":211,"column":18},"end":{"line":211,"column":20}}]},"24":{"loc":{"start":{"line":212,"column":4},"end":{"line":212,"column":19}},"type":"default-arg","locations":[{"start":{"line":212,"column":15},"end":{"line":212,"column":19}}]},"25":{"loc":{"start":{"line":224,"column":6},"end":{"line":236,"column":7}},"type":"if","locations":[{"start":{"line":224,"column":6},"end":{"line":236,"column":7}},{"start":{"line":227,"column":13},"end":{"line":236,"column":7}}]},"26":{"loc":{"start":{"line":227,"column":13},"end":{"line":236,"column":7}},"type":"if","locations":[{"start":{"line":227,"column":13},"end":{"line":236,"column":7}}]}},"s":{"0":1,"1":1,"2":1,"3":1,"4":0,"5":1,"6":1,"7":1,"8":3,"9":0,"10":1,"11":1,"12":0,"13":0,"14":1,"15":1,"16":1,"17":1,"18":0,"19":0,"20":0,"21":0,"22":0,"23":0,"24":0,"25":0,"26":0,"27":0,"28":0,"29":0,"30":0,"31":0,"32":0,"33":0,"34":0,"35":0,"36":0,"37":0,"38":0,"39":0,"40":0,"41":0,"42":0,"43":0,"44":0,"45":0,"46":0,"47":0,"48":0,"49":0,"50":0,"51":0,"52":0,"53":0,"54":0,"55":0,"56":0,"57":0,"58":0,"59":0,"60":0,"61":0,"62":0,"63":0,"64":0,"65":0,"66":0,"67":0,"68":0,"69":0,"70":0,"71":0,"72":0,"73":0,"74":0,"75":0,"76":0,"77":0,"78":0,"79":0,"80":0,"81":0,"82":0,"83":0,"84":0,"85":0,"86":0,"87":0,"88":1},"f":{"0":1,"1":3,"2":0,"3":1,"4":0,"5":1,"6":1,"7":0,"8":0,"9":0,"10":0,"11":0,"12":0,"13":0},"b":{"0":[0],"1":[1,1],"2":[0],"3":[0],"4":[0,0],"5":[0,0],"6":[0,0],"7":[0,0],"8":[0,0],"9":[0,0],"10":[0,0],"11":[0,0],"12":[0,0],"13":[0,0],"14":[0,0],"15":[0,0],"16":[0,0],"17":[0,0],"18":[0],"19":[0],"20":[0,0],"21":[0,0],"22":[0],"23":[0],"24":[0],"25":[0,0],"26":[0]}}
,"/Users/davidbaldaro/GitHub/Personalia-Node/src/errors.ts": {"path":"/Users/davidbaldaro/GitHub/Personalia-Node/src/errors.ts","statementMap":{"0":{"start":{"line":133,"column":0},"end":{"line":133,"column":16}},"1":{"start":{"line":11,"column":4},"end":{"line":11,"column":19}},"2":{"start":{"line":12,"column":4},"end":{"line":12,"column":34}},"3":{"start":{"line":13,"column":4},"end":{"line":13,"column":33}},"4":{"start":{"line":14,"column":4},"end":{"line":14,"column":31}},"5":{"start":{"line":15,"column":4},"end":{"line":15,"column":27}},"6":{"start":{"line":5,"column":0},"end":{"line":5,"column":13}},"7":{"start":{"line":27,"column":13},"end":{"line":128,"column":2}},"8":{"start":{"line":135,"column":16},"end":{"line":135,"column":43}},"9":{"start":{"line":136,"column":19},"end":{"line":136,"column":22}},"10":{"start":{"line":141,"column":2},"end":{"line":177,"column":3}},"11":{"start":{"line":142,"column":4},"end":{"line":142,"column":39}},"12":{"start":{"line":145,"column":25},"end":{"line":145,"column":44}},"13":{"start":{"line":147,"column":4},"end":{"line":169,"column":5}},"14":{"start":{"line":149,"column":6},"end":{"line":153,"column":7}},"15":{"start":{"line":150,"column":8},"end":{"line":150,"column":39}},"16":{"start":{"line":151,"column":13},"end":{"line":153,"column":7}},"17":{"start":{"line":152,"column":8},"end":{"line":152,"column":37}},"18":{"start":{"line":156,"column":6},"end":{"line":158,"column":7}},"19":{"start":{"line":157,"column":8},"end":{"line":157,"column":43}},"20":{"start":{"line":160,"column":6},"end":{"line":168,"column":7}},"21":{"start":{"line":161,"column":8},"end":{"line":161,"column":39}},"22":{"start":{"line":164,"column":8},"end":{"line":167,"column":9}},"23":{"start":{"line":165,"column":28},"end":{"line":165,"column":54}},"24":{"start":{"line":166,"column":10},"end":{"line":166,"column":74}},"25":{"start":{"line":170,"column":9},"end":{"line":177,"column":3}},"26":{"start":{"line":172,"column":4},"end":{"line":172,"column":92}},"27":{"start":{"line":173,"column":4},"end":{"line":173,"column":19}},"28":{"start":{"line":174,"column":9},"end":{"line":177,"column":3}},"29":{"start":{"line":176,"column":4},"end":{"line":176,"column":28}},"30":{"start":{"line":179,"column":2},"end":{"line":179,"column":70}}},"fnMap":{"0":{"name":"(anonymous_0)","decl":{"start":{"line":10,"column":2},"end":{"line":10,"column":14}},"loc":{"start":{"line":10,"column":87},"end":{"line":16,"column":3}}},"1":{"name":"parseApiError","decl":{"start":{"line":133,"column":16},"end":{"line":133,"column":29}},"loc":{"start":{"line":133,"column":40},"end":{"line":180,"column":1}}}},"branchMap":{"0":{"loc":{"start":{"line":141,"column":2},"end":{"line":177,"column":3}},"type":"if","locations":[{"start":{"line":141,"column":2},"end":{"line":177,"column":3}},{"start":{"line":170,"column":9},"end":{"line":177,"column":3}}]},"1":{"loc":{"start":{"line":147,"column":4},"end":{"line":169,"column":5}},"type":"if","locations":[{"start":{"line":147,"column":4},"end":{"line":169,"column":5}}]},"2":{"loc":{"start":{"line":149,"column":6},"end":{"line":153,"column":7}},"type":"if","locations":[{"start":{"line":149,"column":6},"end":{"line":153,"column":7}},{"start":{"line":151,"column":13},"end":{"line":153,"column":7}}]},"3":{"loc":{"start":{"line":151,"column":13},"end":{"line":153,"column":7}},"type":"if","locations":[{"start":{"line":151,"column":13},"end":{"line":153,"column":7}}]},"4":{"loc":{"start":{"line":156,"column":6},"end":{"line":158,"column":7}},"type":"if","locations":[{"start":{"line":156,"column":6},"end":{"line":158,"column":7}}]},"5":{"loc":{"start":{"line":160,"column":6},"end":{"line":168,"column":7}},"type":"if","locations":[{"start":{"line":160,"column":6},"end":{"line":168,"column":7}}]},"6":{"loc":{"start":{"line":164,"column":8},"end":{"line":167,"column":9}},"type":"if","locations":[{"start":{"line":164,"column":8},"end":{"line":167,"column":9}}]},"7":{"loc":{"start":{"line":164,"column":12},"end":{"line":164,"column":49}},"type":"binary-expr","locations":[{"start":{"line":164,"column":12},"end":{"line":164,"column":19}},{"start":{"line":164,"column":23},"end":{"line":164,"column":49}}]},"8":{"loc":{"start":{"line":170,"column":9},"end":{"line":177,"column":3}},"type":"if","locations":[{"start":{"line":170,"column":9},"end":{"line":177,"column":3}},{"start":{"line":174,"column":9},"end":{"line":177,"column":3}}]},"9":{"loc":{"start":{"line":174,"column":9},"end":{"line":177,"column":3}},"type":"if","locations":[{"start":{"line":174,"column":9},"end":{"line":177,"column":3}}]}},"s":{"0":1,"1":0,"2":0,"3":0,"4":0,"5":0,"6":1,"7":1,"8":0,"9":0,"10":0,"11":0,"12":0,"13":0,"14":0,"15":0,"16":0,"17":0,"18":0,"19":0,"20":0,"21":0,"22":0,"23":0,"24":0,"25":0,"26":0,"27":0,"28":0,"29":0,"30":0},"f":{"0":0,"1":0},"b":{"0":[0,0],"1":[0],"2":[0,0],"3":[0],"4":[0],"5":[0],"6":[0],"7":[0,0],"8":[0,0],"9":[0]}}
}
