TN:
SF:src/client.ts
FN:16,(anonymous_1)
FN:32,(anonymous_2)
FN:33,(anonymous_3)
FN:45,(anonymous_4)
FN:55,(anonymous_5)
FN:67,(anonymous_6)
FN:77,(anonymous_7)
FN:90,(anonymous_8)
FN:116,(anonymous_9)
FN:121,(anonymous_10)
FN:138,(anonymous_11)
FN:153,(anonymous_12)
FN:178,(anonymous_13)
FN:209,(anonymous_14)
FNF:14
FNH:5
FNDA:1,(anonymous_1)
FNDA:3,(anonymous_2)
FNDA:0,(anonymous_3)
FNDA:1,(anonymous_4)
FNDA:0,(anonymous_5)
FNDA:1,(anonymous_6)
FNDA:1,(anonymous_7)
FNDA:0,(anonymous_8)
FNDA:0,(anonymous_9)
FNDA:0,(anonymous_10)
FNDA:0,(anonymous_11)
FNDA:0,(anonymous_12)
FNDA:0,(anonymous_13)
FNDA:0,(anonymous_14)
DA:1,1
DA:10,1
DA:12,1
DA:14,1
DA:17,1
DA:18,0
DA:21,1
DA:22,1
DA:31,1
DA:32,3
DA:35,0
DA:46,1
DA:47,1
DA:56,0
DA:59,0
DA:68,1
DA:69,1
DA:78,1
DA:79,1
DA:91,0
DA:93,0
DA:94,0
DA:95,0
DA:98,0
DA:99,0
DA:102,0
DA:105,0
DA:108,0
DA:109,0
DA:110,0
DA:111,0
DA:112,0
DA:113,0
DA:115,0
DA:116,0
DA:117,0
DA:120,0
DA:121,0
DA:122,0
DA:126,0
DA:131,0
DA:132,0
DA:135,0
DA:137,0
DA:138,0
DA:139,0
DA:140,0
DA:142,0
DA:143,0
DA:145,0
DA:146,0
DA:148,0
DA:149,0
DA:152,0
DA:153,0
DA:154,0
DA:157,0
DA:162,0
DA:164,0
DA:165,0
DA:167,0
DA:168,0
DA:169,0
DA:173,0
DA:176,0
DA:177,0
DA:178,0
DA:179,0
DA:180,0
DA:185,0
DA:186,0
DA:190,0
DA:191,0
DA:215,0
DA:216,0
DA:217,0
DA:219,0
DA:221,0
DA:224,0
DA:226,0
DA:227,0
DA:229,0
DA:235,0
DA:237,0
LF:84
LH:15
BRDA:17,0,0,0
BRDA:21,1,0,1
BRDA:21,1,1,1
BRDA:90,2,0,0
BRDA:90,3,0,0
BRDA:108,4,0,0
BRDA:108,4,1,0
BRDA:110,5,0,0
BRDA:110,5,1,0
BRDA:111,6,0,0
BRDA:111,6,1,0
BRDA:113,7,0,0
BRDA:113,7,1,0
BRDA:126,8,0,0
BRDA:126,8,1,0
BRDA:132,9,0,0
BRDA:132,9,1,0
BRDA:132,10,0,0
BRDA:132,10,1,0
BRDA:135,11,0,0
BRDA:135,11,1,0
BRDA:140,12,0,0
BRDA:140,12,1,0
BRDA:143,13,0,0
BRDA:143,13,1,0
BRDA:143,14,0,0
BRDA:143,14,1,0
BRDA:146,15,0,0
BRDA:146,15,1,0
BRDA:149,16,0,0
BRDA:149,16,1,0
BRDA:149,17,0,0
BRDA:149,17,1,0
BRDA:162,18,0,0
BRDA:167,19,0,0
BRDA:167,20,0,0
BRDA:167,20,1,0
BRDA:173,21,0,0
BRDA:173,21,1,0
BRDA:176,22,0,0
BRDA:211,23,0,0
BRDA:212,24,0,0
BRDA:224,25,0,0
BRDA:224,25,1,0
BRDA:227,26,0,0
BRF:45
BRH:2
end_of_record
TN:
SF:src/errors.ts
FN:10,(anonymous_0)
FN:133,parseApiError
FNF:2
FNH:0
FNDA:0,(anonymous_0)
FNDA:0,parseApiError
DA:5,1
DA:11,0
DA:12,0
DA:13,0
DA:14,0
DA:15,0
DA:27,1
DA:133,1
DA:135,0
DA:136,0
DA:141,0
DA:142,0
DA:145,0
DA:147,0
DA:149,0
DA:150,0
DA:151,0
DA:152,0
DA:156,0
DA:157,0
DA:160,0
DA:161,0
DA:164,0
DA:165,0
DA:166,0
DA:170,0
DA:172,0
DA:173,0
DA:174,0
DA:176,0
DA:179,0
LF:31
LH:3
BRDA:141,0,0,0
BRDA:141,0,1,0
BRDA:147,1,0,0
BRDA:149,2,0,0
BRDA:149,2,1,0
BRDA:151,3,0,0
BRDA:156,4,0,0
BRDA:160,5,0,0
BRDA:164,6,0,0
BRDA:164,7,0,0
BRDA:164,7,1,0
BRDA:170,8,0,0
BRDA:170,8,1,0
BRDA:174,9,0,0
BRF:14
BRH:0
end_of_record
